<?xml version="1.0" encoding="UTF-8"?>
<testng-results skipped="0" failed="2" ignored="1" total="6" passed="3">
  <reporter-output>
  </reporter-output>
  <suite name="RBCBanking" duration-ms="80677" started-at="2021-12-29T20:07:42 EST" finished-at="2021-12-29T20:09:03 EST">
    <groups>
    </groups>
    <test name="Banking App" duration-ms="80677" started-at="2021-12-29T20:07:42 EST" finished-at="2021-12-29T20:09:03 EST">
      <class name="Com.RBC.TestCases.TC_AddCustomer_003">
        <test-method status="PASS" signature="setUp(java.lang.String)[pri:0, instance:Com.RBC.TestCases.TC_AddCustomer_003@2db7a79b]" name="setUp" is-config="true" duration-ms="1605" started-at="2021-12-29T20:08:16 EST" finished-at="2021-12-29T20:08:17 EST">
          <params>
            <param index="0">
              <value>
                <![CDATA[chrome]]>
              </value>
            </param>
          </params>
          <reporter-output>
          </reporter-output>
        </test-method> <!-- setUp -->
        <test-method status="PASS" signature="addNewCustomerTest()[pri:0, instance:Com.RBC.TestCases.TC_AddCustomer_003@2db7a79b]" name="addNewCustomerTest" duration-ms="41234" started-at="2021-12-29T20:08:17 EST" finished-at="2021-12-29T20:08:59 EST">
          <reporter-output>
          </reporter-output>
        </test-method> <!-- addNewCustomerTest -->
        <test-method status="PASS" signature="tearDown()[pri:0, instance:Com.RBC.TestCases.TC_AddCustomer_003@2db7a79b]" name="tearDown" is-config="true" duration-ms="4201" started-at="2021-12-29T20:08:59 EST" finished-at="2021-12-29T20:09:03 EST">
          <reporter-output>
          </reporter-output>
        </test-method> <!-- tearDown -->
      </class> <!-- Com.RBC.TestCases.TC_AddCustomer_003 -->
      <class name="Com.RBC.TestCases.TC_LoginTestDDT_002">
        <test-method status="PASS" signature="setUp(java.lang.String)[pri:0, instance:Com.RBC.TestCases.TC_LoginTestDDT_002@4671e53b]" name="setUp" is-config="true" duration-ms="2678" started-at="2021-12-29T20:07:42 EST" finished-at="2021-12-29T20:07:45 EST">
          <params>
            <param index="0">
              <value>
                <![CDATA[chrome]]>
              </value>
            </param>
          </params>
          <reporter-output>
          </reporter-output>
        </test-method> <!-- setUp -->
        <test-method status="PASS" signature="loginDDT(java.lang.String,java.lang.String)[pri:0, instance:Com.RBC.TestCases.TC_LoginTestDDT_002@4671e53b]" name="loginDDT" duration-ms="11558" started-at="2021-12-29T20:07:46 EST" data-provider="LoginData" finished-at="2021-12-29T20:07:57 EST">
          <params>
            <param index="0">
              <value>
                <![CDATA[mngr374316]]>
              </value>
            </param>
            <param index="1">
              <value>
                <![CDATA[tYjAvez]]>
              </value>
            </param>
          </params>
          <reporter-output>
          </reporter-output>
        </test-method> <!-- loginDDT -->
        <test-method status="FAIL" signature="loginDDT(java.lang.String,java.lang.String)[pri:0, instance:Com.RBC.TestCases.TC_LoginTestDDT_002@4671e53b]" name="loginDDT" duration-ms="4892" started-at="2021-12-29T20:07:57 EST" data-provider="LoginData" finished-at="2021-12-29T20:08:02 EST">
          <params>
            <param index="0">
              <value>
                <![CDATA[mngr3743]]>
              </value>
            </param>
            <param index="1">
              <value>
                <![CDATA[tYjAez]]>
              </value>
            </param>
          </params>
          <exception class="java.lang.AssertionError">
            <message>
              <![CDATA[expected [true] but found [false]]]>
            </message>
            <full-stacktrace>
              <![CDATA[java.lang.AssertionError: expected [true] but found [false]
at org.testng.Assert.fail(Assert.java:99)
at org.testng.Assert.failNotEquals(Assert.java:1037)
at org.testng.Assert.assertTrue(Assert.java:45)
at org.testng.Assert.assertTrue(Assert.java:55)
at Com.RBC.TestCases.TC_LoginTestDDT_002.loginDDT(TC_LoginTestDDT_002.java:33)
at sun.reflect.NativeMethodAccessorImpl.invoke0(Native Method)
at sun.reflect.NativeMethodAccessorImpl.invoke(NativeMethodAccessorImpl.java:62)
at sun.reflect.DelegatingMethodAccessorImpl.invoke(DelegatingMethodAccessorImpl.java:43)
at java.lang.reflect.Method.invoke(Method.java:498)
at org.testng.internal.MethodInvocationHelper.invokeMethod(MethodInvocationHelper.java:133)
at org.testng.internal.TestInvoker.invokeMethod(TestInvoker.java:598)
at org.testng.internal.TestInvoker.invokeTestMethod(TestInvoker.java:173)
at org.testng.internal.MethodRunner.runInSequence(MethodRunner.java:46)
at org.testng.internal.TestInvoker$MethodInvocationAgent.invoke(TestInvoker.java:824)
at org.testng.internal.TestInvoker.invokeTestMethods(TestInvoker.java:146)
at org.testng.internal.TestMethodWorker.invokeTestMethods(TestMethodWorker.java:146)
at org.testng.internal.TestMethodWorker.run(TestMethodWorker.java:128)
at java.util.ArrayList.forEach(ArrayList.java:1259)
at org.testng.TestRunner.privateRun(TestRunner.java:794)
at org.testng.TestRunner.run(TestRunner.java:596)
at org.testng.SuiteRunner.runTest(SuiteRunner.java:377)
at org.testng.SuiteRunner.runSequentially(SuiteRunner.java:371)
at org.testng.SuiteRunner.privateRun(SuiteRunner.java:332)
at org.testng.SuiteRunner.run(SuiteRunner.java:276)
at org.testng.SuiteRunnerWorker.runSuite(SuiteRunnerWorker.java:53)
at org.testng.SuiteRunnerWorker.run(SuiteRunnerWorker.java:96)
at org.testng.TestNG.runSuitesSequentially(TestNG.java:1212)
at org.testng.TestNG.runSuitesLocally(TestNG.java:1134)
at org.testng.TestNG.runSuites(TestNG.java:1063)
at org.testng.TestNG.run(TestNG.java:1031)
at org.testng.remote.AbstractRemoteTestNG.run(AbstractRemoteTestNG.java:115)
at org.testng.remote.RemoteTestNG.initAndRun(RemoteTestNG.java:251)
at org.testng.remote.RemoteTestNG.main(RemoteTestNG.java:77)
]]>
            </full-stacktrace>
          </exception> <!-- java.lang.AssertionError -->
          <reporter-output>
          </reporter-output>
        </test-method> <!-- loginDDT -->
        <test-method status="FAIL" signature="loginDDT(java.lang.String,java.lang.String)[pri:0, instance:Com.RBC.TestCases.TC_LoginTestDDT_002@4671e53b]" name="loginDDT" duration-ms="4748" started-at="2021-12-29T20:08:02 EST" data-provider="LoginData" finished-at="2021-12-29T20:08:07 EST">
          <params>
            <param index="0">
              <value>
                <![CDATA[mngr4316]]>
              </value>
            </param>
            <param index="1">
              <value>
                <![CDATA[tYjAez]]>
              </value>
            </param>
          </params>
          <exception class="java.lang.AssertionError">
            <message>
              <![CDATA[expected [true] but found [false]]]>
            </message>
            <full-stacktrace>
              <![CDATA[java.lang.AssertionError: expected [true] but found [false]
at org.testng.Assert.fail(Assert.java:99)
at org.testng.Assert.failNotEquals(Assert.java:1037)
at org.testng.Assert.assertTrue(Assert.java:45)
at org.testng.Assert.assertTrue(Assert.java:55)
at Com.RBC.TestCases.TC_LoginTestDDT_002.loginDDT(TC_LoginTestDDT_002.java:33)
at sun.reflect.NativeMethodAccessorImpl.invoke0(Native Method)
at sun.reflect.NativeMethodAccessorImpl.invoke(NativeMethodAccessorImpl.java:62)
at sun.reflect.DelegatingMethodAccessorImpl.invoke(DelegatingMethodAccessorImpl.java:43)
at java.lang.reflect.Method.invoke(Method.java:498)
at org.testng.internal.MethodInvocationHelper.invokeMethod(MethodInvocationHelper.java:133)
at org.testng.internal.TestInvoker.invokeMethod(TestInvoker.java:598)
at org.testng.internal.TestInvoker.invokeTestMethod(TestInvoker.java:173)
at org.testng.internal.MethodRunner.runInSequence(MethodRunner.java:46)
at org.testng.internal.TestInvoker$MethodInvocationAgent.invoke(TestInvoker.java:824)
at org.testng.internal.TestInvoker.invokeTestMethods(TestInvoker.java:146)
at org.testng.internal.TestMethodWorker.invokeTestMethods(TestMethodWorker.java:146)
at org.testng.internal.TestMethodWorker.run(TestMethodWorker.java:128)
at java.util.ArrayList.forEach(ArrayList.java:1259)
at org.testng.TestRunner.privateRun(TestRunner.java:794)
at org.testng.TestRunner.run(TestRunner.java:596)
at org.testng.SuiteRunner.runTest(SuiteRunner.java:377)
at org.testng.SuiteRunner.runSequentially(SuiteRunner.java:371)
at org.testng.SuiteRunner.privateRun(SuiteRunner.java:332)
at org.testng.SuiteRunner.run(SuiteRunner.java:276)
at org.testng.SuiteRunnerWorker.runSuite(SuiteRunnerWorker.java:53)
at org.testng.SuiteRunnerWorker.run(SuiteRunnerWorker.java:96)
at org.testng.TestNG.runSuitesSequentially(TestNG.java:1212)
at org.testng.TestNG.runSuitesLocally(TestNG.java:1134)
at org.testng.TestNG.runSuites(TestNG.java:1063)
at org.testng.TestNG.run(TestNG.java:1031)
at org.testng.remote.AbstractRemoteTestNG.run(AbstractRemoteTestNG.java:115)
at org.testng.remote.RemoteTestNG.initAndRun(RemoteTestNG.java:251)
at org.testng.remote.RemoteTestNG.main(RemoteTestNG.java:77)
]]>
            </full-stacktrace>
          </exception> <!-- java.lang.AssertionError -->
          <reporter-output>
          </reporter-output>
        </test-method> <!-- loginDDT -->
        <test-method status="PASS" signature="loginDDT(java.lang.String,java.lang.String)[pri:0, instance:Com.RBC.TestCases.TC_LoginTestDDT_002@4671e53b]" name="loginDDT" duration-ms="8696" started-at="2021-12-29T20:08:07 EST" data-provider="LoginData" finished-at="2021-12-29T20:08:16 EST">
          <params>
            <param index="0">
              <value>
                <![CDATA[mngr374316]]>
              </value>
            </param>
            <param index="1">
              <value>
                <![CDATA[tYjAvez]]>
              </value>
            </param>
          </params>
          <reporter-output>
          </reporter-output>
        </test-method> <!-- loginDDT -->
        <test-method status="PASS" signature="tearDown()[pri:0, instance:Com.RBC.TestCases.TC_LoginTestDDT_002@4671e53b]" name="tearDown" is-config="true" duration-ms="173" started-at="2021-12-29T20:08:16 EST" finished-at="2021-12-29T20:08:16 EST">
          <reporter-output>
          </reporter-output>
        </test-method> <!-- tearDown -->
      </class> <!-- Com.RBC.TestCases.TC_LoginTestDDT_002 -->
    </test> <!-- Banking App -->
  </suite> <!-- RBCBanking -->
</testng-results>
